[debug] [2026-06-28T22:35:05.621Z] ----------------------------------------------------------------------
[debug] [2026-06-28T22:35:05.624Z] Command:       C:\Program Files\nodejs\node.exe C:\Users\msoum\AppData\Roaming\npm\node_modules\firebase-tools\lib\bin\firebase.js deploy
[debug] [2026-06-28T22:35:05.624Z] CLI Version:   14.11.1
[debug] [2026-06-28T22:35:05.624Z] Platform:      win32
[debug] [2026-06-28T22:35:05.624Z] Node Version:  v26.4.0
[debug] [2026-06-28T22:35:05.625Z] Time:          Mon Jun 29 2026 04:05:05 GMT+0530 (India Standard Time)
[debug] [2026-06-28T22:35:05.625Z] ----------------------------------------------------------------------
[debug] 
[debug] [2026-06-28T22:35:05.627Z] >>> [apiv2][query] GET https://firebase-public.firebaseio.com/cli.json [none]
[debug] [2026-06-28T22:35:05.835Z] > command requires scopes: ["email","openid","https://www.googleapis.com/auth/cloudplatformprojects.readonly","https://www.googleapis.com/auth/firebase","https://www.googleapis.com/auth/cloud-platform"]
[debug] [2026-06-28T22:35:05.835Z] > authorizing via signed-in user (msoumotanu@gmail.com)
[debug] [2026-06-28T22:35:05.835Z] [iam] checking project wbsha-f8e09 for permissions ["firebase.projects.get","firebasehosting.sites.update"]
[debug] [2026-06-28T22:35:05.836Z] Checked if tokens are valid: false, expires at: 1755367902249
[debug] [2026-06-28T22:35:05.836Z] Checked if tokens are valid: false, expires at: 1755367902249
[debug] [2026-06-28T22:35:05.836Z] > refreshing access token with scopes: []
[debug] [2026-06-28T22:35:05.837Z] >>> [apiv2][query] POST https://www.googleapis.com/oauth2/v3/token [none]
[debug] [2026-06-28T22:35:05.837Z] >>> [apiv2][body] POST https://www.googleapis.com/oauth2/v3/token [omitted]
[debug] [2026-06-28T22:35:06.025Z] <<< [apiv2][status] POST https://www.googleapis.com/oauth2/v3/token 400
[debug] [2026-06-28T22:35:06.025Z] <<< [apiv2][body] POST https://www.googleapis.com/oauth2/v3/token [omitted]
[debug] [2026-06-28T22:35:06.025Z] >>> [apiv2][query] POST https://cloudresourcemanager.googleapis.com/v1/projects/wbsha-f8e09:testIamPermissions [none]
[debug] [2026-06-28T22:35:06.025Z] >>> [apiv2][(partial)header] POST https://cloudresourcemanager.googleapis.com/v1/projects/wbsha-f8e09:testIamPermissions x-goog-quota-user=projects/wbsha-f8e09
[debug] [2026-06-28T22:35:06.025Z] >>> [apiv2][body] POST https://cloudresourcemanager.googleapis.com/v1/projects/wbsha-f8e09:testIamPermissions {"permissions":["firebase.projects.get","firebasehosting.sites.update"]}
[debug] [2026-06-28T22:35:06.573Z] <<< [apiv2][status] GET https://firebase-public.firebaseio.com/cli.json 200
[debug] [2026-06-28T22:35:06.573Z] <<< [apiv2][body] GET https://firebase-public.firebaseio.com/cli.json {"cloudBuildErrorAfter":1594252800000,"cloudBuildWarnAfter":1590019200000,"defaultNode10After":1594252800000,"minVersion":"3.0.5","node8DeploysDisabledAfter":1613390400000,"node8RuntimeDisabledAfter":1615809600000,"node8WarnAfter":1600128000000}
[debug] [2026-06-28T22:35:07.645Z] <<< [apiv2][status] POST https://cloudresourcemanager.googleapis.com/v1/projects/wbsha-f8e09:testIamPermissions 401
[debug] [2026-06-28T22:35:07.646Z] <<< [apiv2][body] POST https://cloudresourcemanager.googleapis.com/v1/projects/wbsha-f8e09:testIamPermissions {"error":{"code":401,"message":"Request had invalid authentication credentials. Expected OAuth 2 access token, login cookie or other valid authentication credential. See https://developers.google.com/identity/sign-in/web/devconsole-project.","status":"UNAUTHENTICATED","details":[{"@type":"type.googleapis.com/google.rpc.ErrorInfo","reason":"ACCESS_TOKEN_TYPE_UNSUPPORTED","metadata":{"service":"cloudresourcemanager.googleapis.com","method":"google.cloudresourcemanager.v1.Projects.TestIamPermissions"}}]}}
[debug] [2026-06-28T22:35:07.646Z] Got a 401 Unauthenticated error for a call that required authentication. Refreshing tokens.
[debug] [2026-06-28T22:35:07.646Z] Checked if tokens are valid: false, expires at: 1755367902249
[debug] [2026-06-28T22:35:07.646Z] Checked if tokens are valid: false, expires at: 1755367902249
[debug] [2026-06-28T22:35:07.646Z] > refreshing access token with scopes: []
[debug] [2026-06-28T22:35:07.646Z] >>> [apiv2][query] POST https://www.googleapis.com/oauth2/v3/token [none]
[debug] [2026-06-28T22:35:07.646Z] >>> [apiv2][body] POST https://www.googleapis.com/oauth2/v3/token [omitted]
[debug] [2026-06-28T22:35:07.722Z] <<< [apiv2][status] POST https://www.googleapis.com/oauth2/v3/token 400
[debug] [2026-06-28T22:35:07.723Z] <<< [apiv2][body] POST https://www.googleapis.com/oauth2/v3/token [omitted]
[debug] [2026-06-28T22:35:07.723Z] [iam] error while checking permissions, command may fail: Request to https://cloudresourcemanager.googleapis.com/v1/projects/wbsha-f8e09:testIamPermissions had HTTP Error: 401, Request had invalid authentication credentials. Expected OAuth 2 access token, login cookie or other valid authentication credential. See https://developers.google.com/identity/sign-in/web/devconsole-project.
[debug] [2026-06-28T22:35:07.724Z] Checked if tokens are valid: false, expires at: 1755367902249
[debug] [2026-06-28T22:35:07.724Z] Checked if tokens are valid: false, expires at: 1755367902249
[debug] [2026-06-28T22:35:07.724Z] > refreshing access token with scopes: []
[debug] [2026-06-28T22:35:07.724Z] >>> [apiv2][query] POST https://www.googleapis.com/oauth2/v3/token [none]
[debug] [2026-06-28T22:35:07.724Z] >>> [apiv2][body] POST https://www.googleapis.com/oauth2/v3/token [omitted]
[debug] [2026-06-28T22:35:07.896Z] <<< [apiv2][status] POST https://www.googleapis.com/oauth2/v3/token 400
[debug] [2026-06-28T22:35:07.896Z] <<< [apiv2][body] POST https://www.googleapis.com/oauth2/v3/token [omitted]
[debug] [2026-06-28T22:35:07.897Z] >>> [apiv2][query] GET https://firebase.googleapis.com/v1beta1/projects/wbsha-f8e09 [none]
[debug] [2026-06-28T22:35:08.384Z] <<< [apiv2][status] GET https://firebase.googleapis.com/v1beta1/projects/wbsha-f8e09 401
[debug] [2026-06-28T22:35:08.384Z] <<< [apiv2][body] GET https://firebase.googleapis.com/v1beta1/projects/wbsha-f8e09 {"error":{"code":401,"message":"Request had invalid authentication credentials. Expected OAuth 2 access token, login cookie or other valid authentication credential. See https://developers.google.com/identity/sign-in/web/devconsole-project.","status":"UNAUTHENTICATED"}}
[debug] [2026-06-28T22:35:08.384Z] Got a 401 Unauthenticated error for a call that required authentication. Refreshing tokens.
[debug] [2026-06-28T22:35:08.385Z] Checked if tokens are valid: false, expires at: 1755367902249
[debug] [2026-06-28T22:35:08.385Z] Checked if tokens are valid: false, expires at: 1755367902249
[debug] [2026-06-28T22:35:08.385Z] > refreshing access token with scopes: []
[debug] [2026-06-28T22:35:08.385Z] >>> [apiv2][query] POST https://www.googleapis.com/oauth2/v3/token [none]
[debug] [2026-06-28T22:35:08.385Z] >>> [apiv2][body] POST https://www.googleapis.com/oauth2/v3/token [omitted]
[debug] [2026-06-28T22:35:08.464Z] <<< [apiv2][status] POST https://www.googleapis.com/oauth2/v3/token 400
[debug] [2026-06-28T22:35:08.464Z] <<< [apiv2][body] POST https://www.googleapis.com/oauth2/v3/token [omitted]
[debug] [2026-06-28T22:35:08.464Z] Request to https://firebase.googleapis.com/v1beta1/projects/wbsha-f8e09 had HTTP Error: 401, Request had invalid authentication credentials. Expected OAuth 2 access token, login cookie or other valid authentication credential. See https://developers.google.com/identity/sign-in/web/devconsole-project.
[error] 
[error] Error: Assertion failed: resolving hosting target of a site with no site name or target name. This should have caused an error earlier
